41.0 APEX_CODE,DEBUG;APEX_PROFILING,INFO;CALLOUT,FINEST;DB,INFO;SYSTEM,DEBUG;VALIDATION,INFO;VISUALFORCE,FINE;WAVE,INFO;WORKFLOW,INFO
01:14:19.0 (598501)|USER_INFO|[EXTERNAL]|005g0000004SEeD|bhakti.gujrathi@eternussolutions.com.sgdev|Central Standard Time|GMT-06:00
01:14:19.0 (652012)|EXECUTION_STARTED
01:14:19.0 (656656)|CODE_UNIT_STARTED|[EXTERNAL]|01pg0000000xf2b|ScoreMetadataServiceTest.setupTestData
01:14:19.0 (27453236)|SYSTEM_MODE_ENTER|false
01:14:19.0 (27469197)|SYSTEM_MODE_EXIT|false
01:14:19.0 (27555202)|SYSTEM_MODE_ENTER|false
01:14:19.0 (27744629)|SYSTEM_MODE_EXIT|false
01:14:19.0 (27785158)|DML_BEGIN|[37]|Op:Insert|Type:Document|Rows:1
01:14:19.0 (33281754)|DML_END|[37]
01:14:19.0 (33375995)|VF_PAGE_MESSAGE|Required fields are missing: [Name]
01:14:19.0 (33429138)|EXCEPTION_THROWN|[37]|System.DmlException: Insert failed. First exception on row 0; first error: REQUIRED_FIELD_MISSING, Required fields are missing: [Name]: [Name]
01:14:19.0 (33651542)|FATAL_ERROR|System.DmlException: Insert failed. First exception on row 0; first error: REQUIRED_FIELD_MISSING, Required fields are missing: [Name]: [Name]

Class.ScoreMetadataServiceTest.setupTestData: line 37, column 1
01:14:19.0 (33668002)|FATAL_ERROR|System.DmlException: Insert failed. First exception on row 0; first error: REQUIRED_FIELD_MISSING, Required fields are missing: [Name]: [Name]

Class.ScoreMetadataServiceTest.setupTestData: line 37, column 1
01:14:19.33 (33674482)|CUMULATIVE_LIMIT_USAGE
01:14:19.33 (33674482)|LIMIT_USAGE_FOR_NS|(default)|
  Number of SOQL queries: 0 out of 100
  Number of query rows: 0 out of 50000
  Number of SOSL queries: 0 out of 20
  Number of DML statements: 1 out of 150
  Number of DML rows: 1 out of 10000
  Maximum CPU time: 0 out of 10000
  Maximum heap size: 0 out of 6000000
  Number of callouts: 0 out of 100
  Number of Email Invocations: 0 out of 10
  Number of future calls: 0 out of 50
  Number of queueable jobs added to the queue: 0 out of 50
  Number of Mobile Apex push calls: 0 out of 10

01:14:19.33 (33674482)|CUMULATIVE_LIMIT_USAGE_END

01:14:19.0 (33723987)|CODE_UNIT_FINISHED|ScoreMetadataServiceTest.setupTestData
01:14:19.0 (34429683)|EXECUTION_FINISHED
